<?xml version="1.0" encoding="UTF-8"?>
<!-- Generated by org.testng.reporters.JUnitReportReporter -->
<testsuite skipped="0" hostname="admin1" name="com.selenium.testCases.TC_Login_001" tests="1" failures="0" timestamp="05 Dec 2019 08:24:32 GMT" time="5.717" errors="0">
  <testcase name="loginTest" time="5.717" classname="com.selenium.testCases.TC_Login_001"/>
</testsuite> <!-- com.selenium.testCases.TC_Login_001 -->
